<?xml version="1.0" encoding="utf-8"?><testsuites name="pytest tests"><testsuite name="pytest" errors="0" failures="0" skipped="0" tests="10" time="2.296" timestamp="2026-03-21T22:13:48.637291+00:00" hostname="agent-env-4be40f10-da44-4221-b63b-c953b54875f8"><testcase classname="backend.tests.test_player_crud.TestPlayerCRUD" name="test_get_all_players" time="0.193" /><testcase classname="backend.tests.test_player_crud.TestPlayerCRUD" name="test_create_player_and_verify_persistence" time="0.327" /><testcase classname="backend.tests.test_player_crud.TestPlayerCRUD" name="test_update_player_and_verify_persistence" time="0.493" /><testcase classname="backend.tests.test_player_crud.TestPlayerCRUD" name="test_delete_player_and_verify_removal" time="0.283" /><testcase classname="backend.tests.test_player_crud.TestPlayerCRUD" name="test_update_nonexistent_player" time="0.108" /><testcase classname="backend.tests.test_player_crud.TestPlayerCRUD" name="test_delete_nonexistent_player" time="0.100" /><testcase classname="backend.tests.test_player_crud.TestPlayerCRUD" name="test_update_with_empty_data" time="0.209" /><testcase classname="backend.tests.test_player_crud.TestSquadEndpoints" name="test_share_squad" time="0.113" /><testcase classname="backend.tests.test_player_crud.TestSquadEndpoints" name="test_get_squad_by_code" time="0.207" /><testcase classname="backend.tests.test_player_crud.TestSquadEndpoints" name="test_get_nonexistent_squad" time="0.153" /></testsuite></testsuites>